<?xml version="1.0" encoding="UTF-8"?>
<!-- Generated by org.testng.reporters.JUnitReportReporter -->
<testsuite hostname="VLz" failures="0" tests="1" name="com.juaracoding.tajuaracoding.laporan.IzinTerlambat" time="8.681" errors="0" timestamp="2025-08-14T01:56:28 WIB" skipped="0">
  <testcase classname="com.juaracoding.tajuaracoding.laporan.IzinTerlambat" name="testVerifikasiHalamanIzinTerlambat" time="8.681"/>
</testsuite> <!-- com.juaracoding.tajuaracoding.laporan.IzinTerlambat -->
