<?xml version="1.0" encoding="UTF-8"?>
<!-- Generated by org.testng.reporters.JUnitReportReporter -->
<testsuite hostname="VLz" failures="0" tests="2" name="com.juaracoding.tajuaracoding.login.NegativeLoginTest" time="11.679" errors="0" timestamp="2025-08-27T16:30:05 WIB" skipped="0">
  <testcase classname="com.juaracoding.tajuaracoding.login.NegativeLoginTest" name="InvalidPassword" time="1.042"/>
  <testcase classname="com.juaracoding.tajuaracoding.login.NegativeLoginTest" name="InvalidEmail" time="10.637"/>
</testsuite> <!-- com.juaracoding.tajuaracoding.login.NegativeLoginTest -->
