<?xml version="1.0" encoding="UTF-8"?>
<!-- Generated by org.testng.reporters.JUnitReportReporter -->
<testsuite hostname="LAPTOP-BETM3MOU" failures="0" tests="1" name="com.juaracoding.tajuaracoding.laporan.Kehadiran" time="13.323" errors="0" timestamp="2025-08-20T15:24:14 WIB" skipped="0">
  <testcase classname="com.juaracoding.tajuaracoding.laporan.Kehadiran" name="testVerifikasiHalamanKehadiran" time="13.323"/>
</testsuite> <!-- com.juaracoding.tajuaracoding.laporan.Kehadiran -->
