<?xml version="1.0" encoding="UTF-8"?>
<!-- Generated by org.testng.reporters.JUnitReportReporter -->
<testsuite hostname="VLz" failures="0" tests="9" name="com.juaracoding.tajuaracoding.laporan.IzinPulangCepatTest" time="29.861" errors="0" timestamp="2025-08-27T21:12:10 WIB" skipped="8">
  <testcase classname="com.juaracoding.tajuaracoding.laporan.IzinPulangCepatTest" name="testCheckSpecificStatuses" time="29.861"/>
  <testcase classname="com.juaracoding.tajuaracoding.laporan.IzinPulangCepatTest" name="testDateRangeFilter">
    <skipped/>
  </testcase> <!-- testDateRangeFilter -->
  <testcase classname="com.juaracoding.tajuaracoding.laporan.IzinPulangCepatTest" name="testCombinationFilter">
    <skipped/>
  </testcase> <!-- testCombinationFilter -->
  <testcase classname="com.juaracoding.tajuaracoding.laporan.IzinPulangCepatTest" name="testIzinTerlambatPageVerification">
    <skipped/>
  </testcase> <!-- testIzinTerlambatPageVerification -->
  <testcase classname="com.juaracoding.tajuaracoding.laporan.IzinPulangCepatTest" name="testPositiveSearch">
    <skipped/>
  </testcase> <!-- testPositiveSearch -->
  <testcase classname="com.juaracoding.tajuaracoding.laporan.IzinPulangCepatTest" name="testResetAllFilters">
    <skipped/>
  </testcase> <!-- testResetAllFilters -->
  <testcase classname="com.juaracoding.tajuaracoding.laporan.IzinPulangCepatTest" name="testPositiveUnitFilter">
    <skipped/>
  </testcase> <!-- testPositiveUnitFilter -->
  <testcase classname="com.juaracoding.tajuaracoding.laporan.IzinPulangCepatTest" name="testNegativeUnitFilter">
    <skipped/>
  </testcase> <!-- testNegativeUnitFilter -->
  <testcase classname="com.juaracoding.tajuaracoding.laporan.IzinPulangCepatTest" name="testNegativeSearch">
    <skipped/>
  </testcase> <!-- testNegativeSearch -->
</testsuite> <!-- com.juaracoding.tajuaracoding.laporan.IzinPulangCepatTest -->
