<?xml version="1.0" encoding="UTF-8"?>
<!-- Generated by org.testng.reporters.JUnitReportReporter -->
<testsuite hostname="Tohsaka" failures="0" tests="2" name="com.juaracoding.tajuaracoding.Login.NegativeLogin" time="10.708" errors="0" timestamp="2025-08-14T23:36:54 WIB" skipped="0">
  <testcase classname="com.juaracoding.tajuaracoding.Login.NegativeLogin" name="InvalidEmail" time="4.964"/>
  <testcase classname="com.juaracoding.tajuaracoding.Login.NegativeLogin" name="InvalidPassword" time="5.744"/>
</testsuite> <!-- com.juaracoding.tajuaracoding.Login.NegativeLogin -->
