<?xml version="1.0" encoding="UTF-8"?>
<!-- Generated by org.testng.reporters.JUnitReportReporter -->
<testsuite hostname="VLz" failures="0" tests="1" name="com.juaracoding.tajuaracoding.Login.PositiveLogin" time="4.794" errors="0" timestamp="2025-08-13T22:46:41 WIB" skipped="0">
  <testcase classname="com.juaracoding.tajuaracoding.Login.PositiveLogin" name="testLogin" time="4.794"/>
</testsuite> <!-- com.juaracoding.tajuaracoding.Login.PositiveLogin -->
