<?xml version="1.0" encoding="UTF-8"?>
<!-- Generated by org.testng.reporters.JUnitReportReporter -->
<testsuite hostname="VLz" failures="0" tests="2" name="com.juaracoding.tajuaracoding.login.NegativeLoginTest" time="5.618" errors="0" timestamp="2025-08-19T03:40:39 WIB" skipped="0">
  <testcase classname="com.juaracoding.tajuaracoding.login.NegativeLoginTest" name="InvalidEmail" time="4.686"/>
  <testcase classname="com.juaracoding.tajuaracoding.login.NegativeLoginTest" name="InvalidPassword" time="0.932"/>
</testsuite> <!-- com.juaracoding.tajuaracoding.login.NegativeLoginTest -->
