<?xml version="1.0" encoding="UTF-8"?>
<!-- Generated by org.testng.reporters.JUnitReportReporter -->
<testsuite hostname="VLz" failures="0" tests="1" name="com.juaracoding.tajuaracoding.login.PositiveLoginTest" time="6.558" errors="0" timestamp="2025-08-27T16:30:05 WIB" skipped="0">
  <testcase classname="com.juaracoding.tajuaracoding.login.PositiveLoginTest" name="testLogin" time="6.558"/>
</testsuite> <!-- com.juaracoding.tajuaracoding.login.PositiveLoginTest -->
