<?xml version="1.0" encoding="UTF-8"?>
<!-- Generated by org.testng.reporters.JUnitReportReporter -->
<testsuite hostname="Tohsaka" failures="0" tests="2" name="com.juaracoding.tajuaracoding.Login.PositiveLogin" time="12.661" errors="0" timestamp="2025-08-14T23:57:24 WIB" skipped="0">
  <testcase classname="com.juaracoding.tajuaracoding.Login.PositiveLogin" name="Logout" time="6.344"/>
  <testcase classname="com.juaracoding.tajuaracoding.Login.PositiveLogin" name="testLogin" time="6.317"/>
</testsuite> <!-- com.juaracoding.tajuaracoding.Login.PositiveLogin -->
