<?xml version="1.0" encoding="UTF-8"?>
<!-- Generated by org.testng.reporters.JUnitReportReporter -->
<testsuite hostname="VLz" failures="0" tests="1" name="com.juaracoding.tajuaracoding.Dashboard.DashboardTest" time="7.775" errors="0" timestamp="2025-08-28T01:25:11 WIB" skipped="0">
  <testcase classname="com.juaracoding.tajuaracoding.Dashboard.DashboardTest" name="VerificationDashboardTest" time="7.775"/>
</testsuite> <!-- com.juaracoding.tajuaracoding.Dashboard.DashboardTest -->
