<?xml version="1.0" encoding="UTF-8"?>
<!-- Generated by org.testng.reporters.JUnitReportReporter -->
<testsuite hostname="VLz" failures="0" tests="9" name="com.juaracoding.tajuaracoding.laporan.IzinTerlambatTest" time="121.295" errors="0" timestamp="2025-08-27T21:12:10 WIB" skipped="7">
  <testcase classname="com.juaracoding.tajuaracoding.laporan.IzinTerlambatTest" name="testResetAllFilters" time="94.954"/>
  <testcase classname="com.juaracoding.tajuaracoding.laporan.IzinTerlambatTest" name="testCheckSpecificStatuses" time="26.341"/>
  <testcase classname="com.juaracoding.tajuaracoding.laporan.IzinTerlambatTest" name="testNegativeSearch">
    <skipped/>
  </testcase> <!-- testNegativeSearch -->
  <testcase classname="com.juaracoding.tajuaracoding.laporan.IzinTerlambatTest" name="testNegativeUnitFilter">
    <skipped/>
  </testcase> <!-- testNegativeUnitFilter -->
  <testcase classname="com.juaracoding.tajuaracoding.laporan.IzinTerlambatTest" name="testDateRangeFilter">
    <skipped/>
  </testcase> <!-- testDateRangeFilter -->
  <testcase classname="com.juaracoding.tajuaracoding.laporan.IzinTerlambatTest" name="testPositiveUnitFilter">
    <skipped/>
  </testcase> <!-- testPositiveUnitFilter -->
  <testcase classname="com.juaracoding.tajuaracoding.laporan.IzinTerlambatTest" name="testPositiveSearch">
    <skipped/>
  </testcase> <!-- testPositiveSearch -->
  <testcase classname="com.juaracoding.tajuaracoding.laporan.IzinTerlambatTest" name="testIzinTerlambatPageVerification">
    <skipped/>
  </testcase> <!-- testIzinTerlambatPageVerification -->
  <testcase classname="com.juaracoding.tajuaracoding.laporan.IzinTerlambatTest" name="testCombinationFilter">
    <skipped/>
  </testcase> <!-- testCombinationFilter -->
</testsuite> <!-- com.juaracoding.tajuaracoding.laporan.IzinTerlambatTest -->
