<?xml version="1.0" encoding="UTF-8"?>
<!-- Generated by org.testng.reporters.JUnitReportReporter -->
<testsuite hostname="VLz" failures="1" tests="9" name="com.juaracoding.tajuaracoding.laporan.IzinTerlambatTest" time="139.934" errors="0" timestamp="2025-08-27T16:30:05 WIB" skipped="0">
  <testcase classname="com.juaracoding.tajuaracoding.laporan.IzinTerlambatTest" name="testDateRangeFilter" time="15.001"/>
  <testcase classname="com.juaracoding.tajuaracoding.laporan.IzinTerlambatTest" name="testNegativeUnitFilter" time="12.906">
    <failure message="Expected no data for unit: UnitTidakAda expected [false] but found [true]" type="java.lang.AssertionError">
      <![CDATA[java.lang.AssertionError: Expected no data for unit: UnitTidakAda expected [false] but found [true]
at org.testng.Assert.fail(Assert.java:111)
at org.testng.Assert.failNotEquals(Assert.java:1590)
at org.testng.Assert.assertFalse(Assert.java:79)
at com.juaracoding.tajuaracoding.pages.actions.UnitFilterAction.execute(UnitFilterAction.java:74)
at com.juaracoding.tajuaracoding.pages.actions.CompositeActionBuilder.execute(CompositeActionBuilder.java:110)
at com.juaracoding.tajuaracoding.laporan.IzinTerlambatTest.testNegativeUnitFilter(IzinTerlambatTest.java:65)
at java.base/jdk.internal.reflect.DirectMethodHandleAccessor.invoke(DirectMethodHandleAccessor.java:103)
at java.base/java.lang.reflect.Method.invoke(Method.java:580)
at org.testng.internal.invokers.MethodInvocationHelper.invokeMethod(MethodInvocationHelper.java:141)
at org.testng.internal.invokers.TestInvoker.invokeMethod(TestInvoker.java:687)
at org.testng.internal.invokers.TestInvoker.invokeTestMethod(TestInvoker.java:230)
at org.testng.internal.invokers.MethodRunner.runInSequence(MethodRunner.java:63)
at org.testng.internal.invokers.TestInvoker$MethodInvocationAgent.invoke(TestInvoker.java:995)
at org.testng.internal.invokers.TestInvoker.invokeTestMethods(TestInvoker.java:203)
at org.testng.internal.invokers.TestMethodWorker.invokeTestMethods(TestMethodWorker.java:154)
at org.testng.internal.invokers.TestMethodWorker.run(TestMethodWorker.java:134)
at java.base/java.util.ArrayList.forEach(ArrayList.java:1596)
at org.testng.TestRunner.privateRun(TestRunner.java:741)
at org.testng.TestRunner.run(TestRunner.java:616)
at org.testng.SuiteRunner.runTest(SuiteRunner.java:421)
at org.testng.SuiteRunner.runSequentially(SuiteRunner.java:413)
at org.testng.SuiteRunner.privateRun(SuiteRunner.java:373)
at org.testng.SuiteRunner.run(SuiteRunner.java:312)
at org.testng.SuiteRunnerWorker.runSuite(SuiteRunnerWorker.java:52)
at org.testng.SuiteRunnerWorker.run(SuiteRunnerWorker.java:95)
at org.testng.TestNG.runSuitesSequentially(TestNG.java:1274)
at org.testng.TestNG.runSuitesLocally(TestNG.java:1208)
at org.testng.TestNG.runSuites(TestNG.java:1112)
at org.testng.TestNG.run(TestNG.java:1079)
at org.apache.maven.surefire.testng.TestNGExecutor.run(TestNGExecutor.java:308)
at org.apache.maven.surefire.testng.TestNGXmlTestSuite.execute(TestNGXmlTestSuite.java:71)
at org.apache.maven.surefire.testng.TestNGProvider.invoke(TestNGProvider.java:113)
at org.apache.maven.surefire.booter.ForkedBooter.runSuitesInProcess(ForkedBooter.java:385)
at org.apache.maven.surefire.booter.ForkedBooter.execute(ForkedBooter.java:162)
at org.apache.maven.surefire.booter.ForkedBooter.run(ForkedBooter.java:507)
at org.apache.maven.surefire.booter.ForkedBooter.main(ForkedBooter.java:495)
]]>
    </failure>
  </testcase> <!-- testNegativeUnitFilter -->
  <testcase classname="com.juaracoding.tajuaracoding.laporan.IzinTerlambatTest" name="testCheckSpecificStatuses" time="19.600"/>
  <testcase classname="com.juaracoding.tajuaracoding.laporan.IzinTerlambatTest" name="testCombinationFilter" time="22.536"/>
  <testcase classname="com.juaracoding.tajuaracoding.laporan.IzinTerlambatTest" name="testResetAllFilters" time="21.422"/>
  <testcase classname="com.juaracoding.tajuaracoding.laporan.IzinTerlambatTest" name="testNegativeSearch" time="11.057"/>
  <testcase classname="com.juaracoding.tajuaracoding.laporan.IzinTerlambatTest" name="testIzinTerlambatPageVerification" time="8.811"/>
  <testcase classname="com.juaracoding.tajuaracoding.laporan.IzinTerlambatTest" name="testPositiveUnitFilter" time="16.781"/>
  <testcase classname="com.juaracoding.tajuaracoding.laporan.IzinTerlambatTest" name="testPositiveSearch" time="11.820"/>
</testsuite> <!-- com.juaracoding.tajuaracoding.laporan.IzinTerlambatTest -->
