<?xml version="1.0" encoding="UTF-8"?>
<!-- Generated by org.testng.reporters.JUnitReportReporter -->
<testsuite hostname="VLz" failures="0" tests="1" name="com.juaracoding.tajuaracoding.login.PositiveLoginTest" time="3.906" errors="0" timestamp="2025-08-28T01:25:11 WIB" skipped="0">
  <testcase classname="com.juaracoding.tajuaracoding.login.PositiveLoginTest" name="testLogin" time="3.906"/>
</testsuite> <!-- com.juaracoding.tajuaracoding.login.PositiveLoginTest -->
