<?xml version="1.0" encoding="UTF-8"?>
<!-- Generated by org.testng.reporters.JUnitReportReporter -->
<testsuite hostname="Tohsaka" failures="0" tests="1" name="com.juaracoding.tajuaracoding.Login.PositiveLogin" time="6.723" errors="0" timestamp="2025-08-14T23:36:54 WIB" skipped="0">
  <testcase classname="com.juaracoding.tajuaracoding.Login.PositiveLogin" name="testLogin" time="6.723"/>
</testsuite> <!-- com.juaracoding.tajuaracoding.Login.PositiveLogin -->
