<?xml version="1.0" encoding="UTF-8"?>
<!-- Generated by org.testng.reporters.JUnitReportReporter -->
<testsuite hostname="VLz" failures="0" tests="13" name="com.juaracoding.tajuaracoding.laporan.KehadiranTest" time="25.469" errors="0" timestamp="2025-08-27T21:12:10 WIB" skipped="12">
  <testcase classname="com.juaracoding.tajuaracoding.laporan.KehadiranTest" name="testPositiveUnitFilterWithDateRangeFilter" time="25.469"/>
  <testcase classname="com.juaracoding.tajuaracoding.laporan.KehadiranTest" name="testNegativeSearch">
    <skipped/>
  </testcase> <!-- testNegativeSearch -->
  <testcase classname="com.juaracoding.tajuaracoding.laporan.KehadiranTest" name="testPositiveSearch">
    <skipped/>
  </testcase> <!-- testPositiveSearch -->
  <testcase classname="com.juaracoding.tajuaracoding.laporan.KehadiranTest" name="testExportFunctionality">
    <skipped/>
  </testcase> <!-- testExportFunctionality -->
  <testcase classname="com.juaracoding.tajuaracoding.laporan.KehadiranTest" name="testStatusCheck">
    <skipped/>
  </testcase> <!-- testStatusCheck -->
  <testcase classname="com.juaracoding.tajuaracoding.laporan.KehadiranTest" name="testExportFunctionalityCancel">
    <skipped/>
  </testcase> <!-- testExportFunctionalityCancel -->
  <testcase classname="com.juaracoding.tajuaracoding.laporan.KehadiranTest" name="testPositiveSearchWithDateRangeFilter">
    <skipped/>
  </testcase> <!-- testPositiveSearchWithDateRangeFilter -->
  <testcase classname="com.juaracoding.tajuaracoding.laporan.KehadiranTest" name="testCombinationFilter">
    <skipped/>
  </testcase> <!-- testCombinationFilter -->
  <testcase classname="com.juaracoding.tajuaracoding.laporan.KehadiranTest" name="testDateRangeFilter">
    <skipped/>
  </testcase> <!-- testDateRangeFilter -->
  <testcase classname="com.juaracoding.tajuaracoding.laporan.KehadiranTest" name="testNegativeUnitFilter">
    <skipped/>
  </testcase> <!-- testNegativeUnitFilter -->
  <testcase classname="com.juaracoding.tajuaracoding.laporan.KehadiranTest" name="testPositiveUnitFilter">
    <skipped/>
  </testcase> <!-- testPositiveUnitFilter -->
  <testcase classname="com.juaracoding.tajuaracoding.laporan.KehadiranTest" name="testResetAllFilters">
    <skipped/>
  </testcase> <!-- testResetAllFilters -->
  <testcase classname="com.juaracoding.tajuaracoding.laporan.KehadiranTest" name="testKehadiranPageVerification">
    <skipped/>
  </testcase> <!-- testKehadiranPageVerification -->
</testsuite> <!-- com.juaracoding.tajuaracoding.laporan.KehadiranTest -->
