<?xml version="1.0" encoding="UTF-8"?>
<!-- Generated by org.testng.reporters.JUnitReportReporter -->
<testsuite hostname="VLz" failures="0" tests="6" name="com.juaracoding.tajuaracoding.login.NegativeLoginTest" time="15.428" errors="0" timestamp="2025-08-28T01:25:11 WIB" skipped="0">
  <testcase classname="com.juaracoding.tajuaracoding.login.NegativeLoginTest" name="NullPassword" time="0.876"/>
  <testcase classname="com.juaracoding.tajuaracoding.login.NegativeLoginTest" name="InvalidEmail" time="1.021"/>
  <testcase classname="com.juaracoding.tajuaracoding.login.NegativeLoginTest" name="InvalidFormatEmail" time="10.856"/>
  <testcase classname="com.juaracoding.tajuaracoding.login.NegativeLoginTest" name="NullEmailandPassword" time="0.894"/>
  <testcase classname="com.juaracoding.tajuaracoding.login.NegativeLoginTest" name="InvalidPassword" time="0.909"/>
  <testcase classname="com.juaracoding.tajuaracoding.login.NegativeLoginTest" name="NullEmail" time="0.872"/>
</testsuite> <!-- com.juaracoding.tajuaracoding.login.NegativeLoginTest -->
