<?xml version="1.0" encoding="UTF-8"?>
<!-- Generated by org.testng.reporters.JUnitReportReporter -->
<testsuite hostname="Tohsaka" failures="0" tests="1" name="com.juaracoding.tajuaracoding.login.LogoutTest" time="8.095" errors="0" timestamp="2025-08-27T17:25:42 WIB" skipped="0">
  <testcase classname="com.juaracoding.tajuaracoding.login.LogoutTest" name="LogoutTest" time="8.095"/>
</testsuite> <!-- com.juaracoding.tajuaracoding.login.LogoutTest -->
