<?xml version="1.0" encoding="UTF-8"?>
<!-- Generated by org.testng.reporters.JUnitReportReporter -->
<testsuite hostname="VLz" failures="0" tests="1" name="com.juaracoding.tajuaracoding.login.PositiveLoginTest" time="6.893" errors="0" timestamp="2025-08-19T03:40:39 WIB" skipped="0">
  <testcase classname="com.juaracoding.tajuaracoding.login.PositiveLoginTest" name="testLogin" time="6.893"/>
</testsuite> <!-- com.juaracoding.tajuaracoding.login.PositiveLoginTest -->
