<?xml version="1.0" encoding="UTF-8"?>
<!-- Generated by org.testng.reporters.JUnitReportReporter -->
<testsuite hostname="VLz" failures="0" tests="11" name="com.juaracoding.tajuaracoding.laporan.SemuaTest" time="174.027" errors="1" timestamp="2025-08-27T22:08:52 WIB" skipped="0">
  <testcase classname="com.juaracoding.tajuaracoding.laporan.SemuaTest" name="testSemuaPageVerification" time="9.101"/>
  <testcase classname="com.juaracoding.tajuaracoding.laporan.SemuaTest" name="testDateRangeFilter" time="12.280"/>
  <testcase classname="com.juaracoding.tajuaracoding.laporan.SemuaTest" name="testPositiveSearch" time="11.589"/>
  <testcase classname="com.juaracoding.tajuaracoding.laporan.SemuaTest" name="testNegativeSearch" time="11.760"/>
  <testcase classname="com.juaracoding.tajuaracoding.laporan.SemuaTest" name="testPositiveSearchWithDateRangeFilter" time="14.463"/>
  <testcase classname="com.juaracoding.tajuaracoding.laporan.SemuaTest" name="testPositiveUnitFilter" time="13.179"/>
  <testcase classname="com.juaracoding.tajuaracoding.laporan.SemuaTest" name="testNegativeUnitFilter" time="12.834">
    <error message="Action failed: Unit filter gagal untuk: UnitNihil | Error: Hasil filter ada padahal seharusnya kosong untuk: UnitNihil" type="java.lang.RuntimeException">
      <![CDATA[java.lang.RuntimeException: Action failed: Unit filter gagal untuk: UnitNihil | Error: Hasil filter ada padahal seharusnya kosong untuk: UnitNihil
at com.juaracoding.tajuaracoding.pages.actions.CompositeActionBuilder.execute(CompositeActionBuilder.java:112)
at com.juaracoding.tajuaracoding.laporan.SemuaTest.testNegativeUnitFilter(SemuaTest.java:65)
at java.base/jdk.internal.reflect.DirectMethodHandleAccessor.invoke(DirectMethodHandleAccessor.java:103)
at java.base/java.lang.reflect.Method.invoke(Method.java:580)
at org.testng.internal.invokers.MethodInvocationHelper.invokeMethod(MethodInvocationHelper.java:141)
at org.testng.internal.invokers.TestInvoker.invokeMethod(TestInvoker.java:687)
at org.testng.internal.invokers.TestInvoker.invokeTestMethod(TestInvoker.java:230)
at org.testng.internal.invokers.MethodRunner.runInSequence(MethodRunner.java:63)
at org.testng.internal.invokers.TestInvoker$MethodInvocationAgent.invoke(TestInvoker.java:995)
at org.testng.internal.invokers.TestInvoker.invokeTestMethods(TestInvoker.java:203)
at org.testng.internal.invokers.TestMethodWorker.invokeTestMethods(TestMethodWorker.java:154)
at org.testng.internal.invokers.TestMethodWorker.run(TestMethodWorker.java:134)
at java.base/java.util.ArrayList.forEach(ArrayList.java:1596)
at org.testng.TestRunner.privateRun(TestRunner.java:741)
at org.testng.TestRunner.run(TestRunner.java:616)
at org.testng.SuiteRunner.runTest(SuiteRunner.java:421)
at org.testng.SuiteRunner.runSequentially(SuiteRunner.java:413)
at org.testng.SuiteRunner.privateRun(SuiteRunner.java:373)
at org.testng.SuiteRunner.run(SuiteRunner.java:312)
at org.testng.SuiteRunnerWorker.runSuite(SuiteRunnerWorker.java:52)
at org.testng.SuiteRunnerWorker.run(SuiteRunnerWorker.java:95)
at org.testng.TestNG.runSuitesSequentially(TestNG.java:1274)
at org.testng.TestNG.runSuitesLocally(TestNG.java:1208)
at org.testng.TestNG.runSuites(TestNG.java:1112)
at org.testng.TestNG.run(TestNG.java:1079)
at org.apache.maven.surefire.testng.TestNGExecutor.run(TestNGExecutor.java:308)
at org.apache.maven.surefire.testng.TestNGXmlTestSuite.execute(TestNGXmlTestSuite.java:71)
at org.apache.maven.surefire.testng.TestNGProvider.invoke(TestNGProvider.java:113)
at org.apache.maven.surefire.booter.ForkedBooter.runSuitesInProcess(ForkedBooter.java:385)
at org.apache.maven.surefire.booter.ForkedBooter.execute(ForkedBooter.java:162)
at org.apache.maven.surefire.booter.ForkedBooter.run(ForkedBooter.java:507)
at org.apache.maven.surefire.booter.ForkedBooter.main(ForkedBooter.java:495)
]]>
    </error>
  </testcase> <!-- testNegativeUnitFilter -->
  <testcase classname="com.juaracoding.tajuaracoding.laporan.SemuaTest" name="testPositiveUnitFilterWithDateRangeFilter" time="19.207"/>
  <testcase classname="com.juaracoding.tajuaracoding.laporan.SemuaTest" name="testCombinationFilter" time="26.474"/>
  <testcase classname="com.juaracoding.tajuaracoding.laporan.SemuaTest" name="testResetAllFilters" time="22.960"/>
  <testcase classname="com.juaracoding.tajuaracoding.laporan.SemuaTest" name="testStatusCheck" time="20.180"/>
</testsuite> <!-- com.juaracoding.tajuaracoding.laporan.SemuaTest -->
