<?xml version="1.0" encoding="UTF-8"?>
<!-- Generated by org.testng.reporters.JUnitReportReporter -->
<testsuite hostname="VLz" failures="0" tests="1" name="com.juaracoding.tajuaracoding.login.PositiveLogin" time="7.351" errors="0" timestamp="2025-08-14T03:11:43 WIB" skipped="0">
  <testcase classname="com.juaracoding.tajuaracoding.login.PositiveLogin" name="testLogin" time="7.351"/>
</testsuite> <!-- com.juaracoding.tajuaracoding.login.PositiveLogin -->
