<?xml version="1.0" encoding="UTF-8"?>
<!-- Generated by org.testng.reporters.JUnitReportReporter -->
<testsuite hostname="Tohsaka" failures="0" tests="1" name="com.juaracoding.tajuaracoding.Login.PositiveLogin" time="9.876" errors="0" timestamp="2025-08-14T11:19:34 WIB" skipped="0">
  <testcase classname="com.juaracoding.tajuaracoding.Login.PositiveLogin" name="testLogin" time="9.876"/>
</testsuite> <!-- com.juaracoding.tajuaracoding.Login.PositiveLogin -->
